<?xml version="1.0" encoding="UTF-8"?>
<!-- Generated by org.testng.reporters.JUnitReportReporter -->
<testsuite skipped="0" hostname="ip-172-31-93-58" name="selenium.test" tests="1" failures="0" timestamp="18 Jan 2020 14:42:46 GMT" time="3.753" errors="0">
  <testcase name="hello" time="3.753" classname="selenium.test"/>
</testsuite> <!-- selenium.test -->
