<?xml version="1.0" encoding="UTF-8"?>
<!-- Generated by org.testng.reporters.JUnitReportReporter -->
<testsuite skipped="0" hostname="ip-172-31-93-58" name="selenium.test" tests="1" failures="0" timestamp="18 Jan 2020 11:49:55 GMT" time="3.391" errors="0">
  <testcase name="hello" time="3.391" classname="selenium.test"/>
</testsuite> <!-- selenium.test -->
